<?xml version="1.0" encoding="UTF-8"?>
<!-- Generated by org.testng.reporters.JUnitXMLReporter -->
<testsuite ignored="1" hostname="GANGADHAR" failures="1" tests="2" name="LoginTest" time="0.05" errors="0" timestamp="2021-12-20T09:32:20 GST">
  <testcase classname="listenersTestNG.LoginTest" name="LoginbyEmail" time="0.009"/>
  <testcase classname="listenersTestNG.LoginTest" name="LoginbyFacebook" time="0.002">
    <failure type="java.lang.AssertionError" message="expected [kumar] but found [pavan]">
      <![CDATA[java.lang.AssertionError: expected [kumar] but found [pavan]
at listenersTestNG.LoginTest.LoginbyFacebook(LoginTest.java:18)
at java.base/java.util.ArrayList.forEach(ArrayList.java:1541)
... Removed 33 stack frames]]>
    </failure>
  </testcase> <!-- LoginbyFacebook -->
  <testcase classname="listenersTestNG.LoginTest" name="LoginbyGmail" time="0.0">
    <ignored/>
  </testcase> <!-- LoginbyGmail -->
</testsuite> <!-- LoginTest -->
